<?xml version="1.0" encoding="UTF-8"?>
<testsuite name="id.ac.ui.cs.advprog.chat.exception.MessageNotFoundExceptionTest" tests="1" skipped="0" failures="0" errors="0" timestamp="2025-05-27T07:07:15.026Z" hostname="Karolinas-MacBook-Pro.local" time="0.001">
  <properties/>
  <testcase name="testExceptionMessageFormat()" classname="id.ac.ui.cs.advprog.chat.exception.MessageNotFoundExceptionTest" time="0.001"/>
  <system-out><![CDATA[]]></system-out>
  <system-err><![CDATA[]]></system-err>
</testsuite>
