<?xml version="1.0" encoding="UTF-8"?>
<testsuite name="id.ac.ui.cs.advprog.chat.service.ChatMessageServiceRoomTest" tests="1" skipped="0" failures="0" errors="0" timestamp="2025-05-27T04:38:37.324Z" hostname="Karolinas-MacBook-Pro.local" time="0.054">
  <properties/>
  <testcase name="testGetMessagesByRoom_returnsOrderedByTimestamp()" classname="id.ac.ui.cs.advprog.chat.service.ChatMessageServiceRoomTest" time="0.054"/>
  <system-out><![CDATA[]]></system-out>
  <system-err><![CDATA[]]></system-err>
</testsuite>
