<?xml version="1.0" encoding="UTF-8"?>
<testsuite name="id.ac.ui.cs.advprog.chat.security.JwtAuthFilterTest" tests="4" skipped="0" failures="0" errors="0" timestamp="2025-05-27T07:07:16.072Z" hostname="Karolinas-MacBook-Pro.local" time="0.133">
  <properties/>
  <testcase name="testInvalidTokenSkipsAuthentication()" classname="id.ac.ui.cs.advprog.chat.security.JwtAuthFilterTest" time="0.127"/>
  <testcase name="testExceptionDoesNotBreakChain()" classname="id.ac.ui.cs.advprog.chat.security.JwtAuthFilterTest" time="0.001"/>
  <testcase name="testValidTokenSetsAuthentication()" classname="id.ac.ui.cs.advprog.chat.security.JwtAuthFilterTest" time="0.003"/>
  <testcase name="testNoHeaderSkipsAuthentication()" classname="id.ac.ui.cs.advprog.chat.security.JwtAuthFilterTest" time="0.001"/>
  <system-out><![CDATA[2025-05-27 14:07:16.201 [Test worker] ERROR i.a.u.c.a.c.security.JwtAuthFilter - Cannot set user authentication: Token error
]]></system-out>
  <system-err><![CDATA[]]></system-err>
</testsuite>
