<?xml version="1.0" encoding="UTF-8"?>
<testsuite name="id.ac.ui.cs.advprog.chat.repository.ChatMessageRepositoryTest" tests="2" skipped="0" failures="0" errors="0" timestamp="2025-05-27T07:07:15.738Z" hostname="Karolinas-MacBook-Pro.local" time="0.255">
  <properties/>
  <testcase name="testExistsBySenderIdAndReceiverId()" classname="id.ac.ui.cs.advprog.chat.repository.ChatMessageRepositoryTest" time="0.23"/>
  <testcase name="testFindByRoomIdOrderByTimestampAsc()" classname="id.ac.ui.cs.advprog.chat.repository.ChatMessageRepositoryTest" time="0.023"/>
  <system-out><![CDATA[2025-05-27 14:07:15.039 [Test worker] INFO  o.s.t.c.s.AnnotationConfigContextLoaderUtils - Could not detect default configuration classes for test class [id.ac.ui.cs.advprog.chat.repository.ChatMessageRepositoryTest]: ChatMessageRepositoryTest does not declare any static, non-private, non-final, nested classes annotated with @Configuration.
2025-05-27 14:07:15.064 [Test worker] INFO  o.s.b.t.c.SpringBootTestContextBootstrapper - Found @SpringBootConfiguration id.ac.ui.cs.advprog.chat.ChatApplication for test class id.ac.ui.cs.advprog.chat.repository.ChatMessageRepositoryTest
2025-05-27 14:07:15.069 [Test worker] INFO  m.p.s.DotenvPropertySource - Initialized Dotenv with DotenvConfig{directory=null, filename=null, ignoreIfMalformed=false, ignoreIfMissing=true, systemProperties=false, prefix=null}

  .   ____          _            __ _ _
 /\\ / ___'_ __ _ _(_)_ __  __ _ \ \ \ \
( ( )\___ | '_ | '_| | '_ \/ _` | \ \ \ \
 \\/  ___)| |_)| | | | | || (_| |  ) ) ) )
  '  |____| .__|_| |_|_| |_\__, | / / / /
 =========|_|==============|___/=/_/_/_/

 :: Spring Boot ::                (v3.4.4)

2025-05-27 14:07:15.097 [Test worker] INFO  i.a.u.c.a.c.r.ChatMessageRepositoryTest - Starting ChatMessageRepositoryTest using Java 21.0.2 with PID 47523 (started by karolinajocelyn in /Users/karolinajocelyn/IdeaProjects/chat)
2025-05-27 14:07:15.097 [Test worker] DEBUG i.a.u.c.a.c.r.ChatMessageRepositoryTest - Running with Spring Boot v3.4.4, Spring v6.2.5
2025-05-27 14:07:15.097 [Test worker] INFO  i.a.u.c.a.c.r.ChatMessageRepositoryTest - The following 1 profile is active: "dev"
2025-05-27 14:07:15.195 [Test worker] INFO  o.s.d.r.c.RepositoryConfigurationDelegate - Bootstrapping Spring Data JPA repositories in DEFAULT mode.
2025-05-27 14:07:15.206 [Test worker] INFO  o.s.d.r.c.RepositoryConfigurationDelegate - Finished Spring Data repository scanning in 9 ms. Found 2 JPA repository interfaces.
2025-05-27 14:07:15.220 [Test worker] INFO  o.s.b.t.a.j.TestDatabaseAutoConfiguration$EmbeddedDataSourceBeanFactoryPostProcessor - Replacing 'dataSource' DataSource bean with embedded version
2025-05-27 14:07:15.239 [Test worker] INFO  o.s.j.d.e.EmbeddedDatabaseFactory - Starting embedded database: url='jdbc:h2:mem:214c14cd-7a42-444a-8bce-347c44e03219;DB_CLOSE_DELAY=-1;DB_CLOSE_ON_EXIT=false', username='sa'
2025-05-27 14:07:15.575 [Test worker] INFO  o.h.jpa.internal.util.LogHelper - HHH000204: Processing PersistenceUnitInfo [name: default]
2025-05-27 14:07:15.578 [Test worker] INFO  o.h.c.i.RegionFactoryInitiator - HHH000026: Second-level cache disabled
2025-05-27 14:07:15.585 [Test worker] INFO  o.s.o.j.p.SpringPersistenceUnitInfo - No LoadTimeWeaver setup: ignoring JPA class transformer
2025-05-27 14:07:15.592 [Test worker] WARN  org.hibernate.dialect.Dialect - HHH000511: The 2.3.232 version for [org.hibernate.dialect.PostgreSQLDialect] is no longer supported, hence certain features may not work properly. The minimum supported version is 12.0.0. Check the community dialects project for available legacy versions.
2025-05-27 14:07:15.592 [Test worker] WARN  org.hibernate.orm.deprecation - HHH90000025: PostgreSQLDialect does not need to be specified explicitly using 'hibernate.dialect' (remove the property setting and it will be selected by default)
2025-05-27 14:07:15.601 [Test worker] INFO  o.hibernate.orm.connections.pooling - HHH10001005: Database info:
	Database JDBC URL [Connecting through datasource 'org.springframework.jdbc.datasource.embedded.EmbeddedDatabaseFactory$EmbeddedDataSourceProxy@6fc4f23c']
	Database driver: undefined/unknown
	Database version: 2.3.232
	Autocommit mode: undefined/unknown
	Isolation level: undefined/unknown
	Minimum pool size: undefined/unknown
	Maximum pool size: undefined/unknown
2025-05-27 14:07:15.650 [Test worker] INFO  o.h.e.t.j.p.i.JtaPlatformInitiator - HHH000489: No JTA platform available (set 'hibernate.transaction.jta.platform' to enable JTA platform integration)
Hibernate: 
    create table chat_message (
        id bigint generated by default as identity,
        content varchar(255),
        receiver_id bigint,
        room_id bigint,
        sender_id bigint,
        status varchar(255),
        timestamp timestamp(6),
        primary key (id)
    )
Hibernate: 
    create table chat_room (
        id bigint generated by default as identity,
        doctor_id bigint,
        pacilian_id bigint,
        primary key (id)
    )
2025-05-27 14:07:15.688 [Test worker] INFO  o.s.o.j.LocalContainerEntityManagerFactoryBean - Initialized JPA EntityManagerFactory for persistence unit 'default'
2025-05-27 14:07:15.737 [Test worker] INFO  i.a.u.c.a.c.r.ChatMessageRepositoryTest - Started ChatMessageRepositoryTest in 0.67 seconds (process running for 10.243)
Hibernate: 
    insert 
    into
        chat_message
        (content, receiver_id, room_id, sender_id, status, timestamp) 
    values
        (?, ?, ?, ?, ?, ?)
Hibernate: 
    select
        cm1_0.id 
    from
        chat_message cm1_0 
    where
        cm1_0.sender_id=? 
        and cm1_0.receiver_id=? 
    fetch
        first ? rows only
Hibernate: 
    insert 
    into
        chat_message
        (content, receiver_id, room_id, sender_id, status, timestamp) 
    values
        (?, ?, ?, ?, ?, ?)
Hibernate: 
    insert 
    into
        chat_message
        (content, receiver_id, room_id, sender_id, status, timestamp) 
    values
        (?, ?, ?, ?, ?, ?)
Hibernate: 
    select
        cm1_0.id,
        cm1_0.content,
        cm1_0.receiver_id,
        cm1_0.room_id,
        cm1_0.sender_id,
        cm1_0.status,
        cm1_0.timestamp 
    from
        chat_message cm1_0 
    where
        cm1_0.room_id=? 
    order by
        cm1_0.timestamp
]]></system-out>
  <system-err><![CDATA[]]></system-err>
</testsuite>
