<?xml version="1.0" encoding="UTF-8"?>
<testsuite name="id.ac.ui.cs.advprog.chat.event.ChatMessageEditedEventTest" tests="1" skipped="0" failures="0" errors="0" timestamp="2025-05-27T04:38:36.031Z" hostname="Karolinas-MacBook-Pro.local" time="0.0">
  <properties/>
  <testcase name="testGetMessageReturnsCorrectSource()" classname="id.ac.ui.cs.advprog.chat.event.ChatMessageEditedEventTest" time="0.0"/>
  <system-out><![CDATA[]]></system-out>
  <system-err><![CDATA[]]></system-err>
</testsuite>
