<?xml version="1.0" encoding="UTF-8"?>
<testsuite name="id.ac.ui.cs.advprog.chat.security.JwtAuthChannelInterceptorTest" tests="6" skipped="0" failures="0" errors="0" timestamp="2025-05-27T07:07:16.015Z" hostname="Karolinas-MacBook-Pro.local" time="0.057">
  <properties/>
  <testcase name="testSend_roomAction_allowsMember()" classname="id.ac.ui.cs.advprog.chat.security.JwtAuthChannelInterceptorTest" time="0.048"/>
  <testcase name="testSend_chatInit_withSelf_throwsAccessDenied()" classname="id.ac.ui.cs.advprog.chat.security.JwtAuthChannelInterceptorTest" time="0.003"/>
  <testcase name="testSend_invalidDestination_throwsAccessDenied()" classname="id.ac.ui.cs.advprog.chat.security.JwtAuthChannelInterceptorTest" time="0.001"/>
  <testcase name="testSend_roomAction_notMember_throwsAccessDenied()" classname="id.ac.ui.cs.advprog.chat.security.JwtAuthChannelInterceptorTest" time="0.002"/>
  <testcase name="testSend_chatInit_valid()" classname="id.ac.ui.cs.advprog.chat.security.JwtAuthChannelInterceptorTest" time="0.002"/>
  <testcase name="testConnect_noAuthorizationHeader_doesNotSetUser()" classname="id.ac.ui.cs.advprog.chat.security.JwtAuthChannelInterceptorTest" time="0.001"/>
  <system-out><![CDATA[2025-05-27 14:07:16.062 [Test worker] DEBUG i.a.u.c.a.c.s.JwtAuthChannelInterceptor - Processing STOMP command: SEND on thread: Test worker
2025-05-27 14:07:16.062 [Test worker] DEBUG i.a.u.c.a.c.s.JwtAuthChannelInterceptor - Destination: /app/chat.edit.99
2025-05-27 14:07:16.062 [Test worker] DEBUG i.a.u.c.a.c.s.JwtAuthChannelInterceptor - Session ID: session-1
2025-05-27 14:07:16.062 [Test worker] DEBUG i.a.u.c.a.c.s.JwtAuthChannelInterceptor - Current user principal: SimplePrincipal{name='test', userId=1}
2025-05-27 14:07:16.062 [Test worker] DEBUG i.a.u.c.a.c.s.JwtAuthChannelInterceptor - Set headers for existing principal: 1
2025-05-27 14:07:16.062 [Test worker] INFO  i.a.u.c.a.c.s.JwtAuthChannelInterceptor - Processing STOMP SEND to destination: /app/chat.edit.99
2025-05-27 14:07:16.063 [Test worker] INFO  i.a.u.c.a.c.s.JwtAuthChannelInterceptor - Processing room action request
2025-05-27 14:07:16.063 [Test worker] DEBUG i.a.u.c.a.c.s.JwtAuthChannelInterceptor - Room ID: 99
2025-05-27 14:07:16.063 [Test worker] DEBUG i.a.u.c.a.c.s.JwtAuthChannelInterceptor - User 1 checking membership in room 99 (pacillian: 1, caregiver: 2)
2025-05-27 14:07:16.063 [Test worker] INFO  i.a.u.c.a.c.s.JwtAuthChannelInterceptor - Room action authorized for user 1 in room 99
2025-05-27 14:07:16.063 [Test worker] DEBUG i.a.u.c.a.c.s.JwtAuthChannelInterceptor - Message processing completed successfully
2025-05-27 14:07:16.065 [Test worker] DEBUG i.a.u.c.a.c.s.JwtAuthChannelInterceptor - Processing STOMP command: SEND on thread: Test worker
2025-05-27 14:07:16.065 [Test worker] DEBUG i.a.u.c.a.c.s.JwtAuthChannelInterceptor - Destination: /app/chat.init.77
2025-05-27 14:07:16.065 [Test worker] DEBUG i.a.u.c.a.c.s.JwtAuthChannelInterceptor - Session ID: session-1
2025-05-27 14:07:16.065 [Test worker] DEBUG i.a.u.c.a.c.s.JwtAuthChannelInterceptor - Current user principal: SimplePrincipal{name='self', userId=77}
2025-05-27 14:07:16.065 [Test worker] DEBUG i.a.u.c.a.c.s.JwtAuthChannelInterceptor - Set headers for existing principal: 77
2025-05-27 14:07:16.065 [Test worker] INFO  i.a.u.c.a.c.s.JwtAuthChannelInterceptor - Processing STOMP SEND to destination: /app/chat.init.77
2025-05-27 14:07:16.065 [Test worker] INFO  i.a.u.c.a.c.s.JwtAuthChannelInterceptor - Processing chat init request
2025-05-27 14:07:16.065 [Test worker] DEBUG i.a.u.c.a.c.s.JwtAuthChannelInterceptor - Target User ID: 77
2025-05-27 14:07:16.065 [Test worker] DEBUG i.a.u.c.a.c.s.JwtAuthChannelInterceptor - Current User ID: 77
2025-05-27 14:07:16.065 [Test worker] ERROR i.a.u.c.a.c.s.JwtAuthChannelInterceptor - User cannot initiate chat with themselves
2025-05-27 14:07:16.065 [Test worker] ERROR i.a.u.c.a.c.s.JwtAuthChannelInterceptor - Access denied: Cannot start chat with yourself
2025-05-27 14:07:16.066 [Test worker] DEBUG i.a.u.c.a.c.s.JwtAuthChannelInterceptor - Processing STOMP command: SEND on thread: Test worker
2025-05-27 14:07:16.067 [Test worker] DEBUG i.a.u.c.a.c.s.JwtAuthChannelInterceptor - Destination: /app/chat.send.xyz
2025-05-27 14:07:16.067 [Test worker] DEBUG i.a.u.c.a.c.s.JwtAuthChannelInterceptor - Session ID: session-1
2025-05-27 14:07:16.067 [Test worker] DEBUG i.a.u.c.a.c.s.JwtAuthChannelInterceptor - Current user principal: SimplePrincipal{name='bad', userId=100}
2025-05-27 14:07:16.067 [Test worker] DEBUG i.a.u.c.a.c.s.JwtAuthChannelInterceptor - Set headers for existing principal: 100
2025-05-27 14:07:16.067 [Test worker] INFO  i.a.u.c.a.c.s.JwtAuthChannelInterceptor - Processing STOMP SEND to destination: /app/chat.send.xyz
2025-05-27 14:07:16.067 [Test worker] INFO  i.a.u.c.a.c.s.JwtAuthChannelInterceptor - Processing room action request
2025-05-27 14:07:16.067 [Test worker] ERROR i.a.u.c.a.c.s.JwtAuthChannelInterceptor - Invalid room ID in destination: /app/chat.send.xyz
2025-05-27 14:07:16.067 [Test worker] ERROR i.a.u.c.a.c.s.JwtAuthChannelInterceptor - Access denied: Invalid room ID
2025-05-27 14:07:16.068 [Test worker] DEBUG i.a.u.c.a.c.s.JwtAuthChannelInterceptor - Processing STOMP command: SEND on thread: Test worker
2025-05-27 14:07:16.068 [Test worker] DEBUG i.a.u.c.a.c.s.JwtAuthChannelInterceptor - Destination: /app/chat.edit.77
2025-05-27 14:07:16.068 [Test worker] DEBUG i.a.u.c.a.c.s.JwtAuthChannelInterceptor - Session ID: session-1
2025-05-27 14:07:16.068 [Test worker] DEBUG i.a.u.c.a.c.s.JwtAuthChannelInterceptor - Current user principal: SimplePrincipal{name='outsider', userId=30}
2025-05-27 14:07:16.068 [Test worker] DEBUG i.a.u.c.a.c.s.JwtAuthChannelInterceptor - Set headers for existing principal: 30
2025-05-27 14:07:16.069 [Test worker] INFO  i.a.u.c.a.c.s.JwtAuthChannelInterceptor - Processing STOMP SEND to destination: /app/chat.edit.77
2025-05-27 14:07:16.069 [Test worker] INFO  i.a.u.c.a.c.s.JwtAuthChannelInterceptor - Processing room action request
2025-05-27 14:07:16.069 [Test worker] DEBUG i.a.u.c.a.c.s.JwtAuthChannelInterceptor - Room ID: 77
2025-05-27 14:07:16.069 [Test worker] DEBUG i.a.u.c.a.c.s.JwtAuthChannelInterceptor - User 30 checking membership in room 77 (pacillian: 1, caregiver: 2)
2025-05-27 14:07:16.069 [Test worker] ERROR i.a.u.c.a.c.s.JwtAuthChannelInterceptor - User 30 not authorized for room 77
2025-05-27 14:07:16.069 [Test worker] ERROR i.a.u.c.a.c.s.JwtAuthChannelInterceptor - Access denied: You are not a member of this chat room
2025-05-27 14:07:16.070 [Test worker] DEBUG i.a.u.c.a.c.s.JwtAuthChannelInterceptor - Processing STOMP command: SEND on thread: Test worker
2025-05-27 14:07:16.070 [Test worker] DEBUG i.a.u.c.a.c.s.JwtAuthChannelInterceptor - Destination: /app/chat.init.99
2025-05-27 14:07:16.070 [Test worker] DEBUG i.a.u.c.a.c.s.JwtAuthChannelInterceptor - Session ID: session-1
2025-05-27 14:07:16.070 [Test worker] DEBUG i.a.u.c.a.c.s.JwtAuthChannelInterceptor - Current user principal: SimplePrincipal{name='gege', userId=88}
2025-05-27 14:07:16.070 [Test worker] DEBUG i.a.u.c.a.c.s.JwtAuthChannelInterceptor - Set headers for existing principal: 88
2025-05-27 14:07:16.070 [Test worker] INFO  i.a.u.c.a.c.s.JwtAuthChannelInterceptor - Processing STOMP SEND to destination: /app/chat.init.99
2025-05-27 14:07:16.070 [Test worker] INFO  i.a.u.c.a.c.s.JwtAuthChannelInterceptor - Processing chat init request
2025-05-27 14:07:16.070 [Test worker] DEBUG i.a.u.c.a.c.s.JwtAuthChannelInterceptor - Target User ID: 99
2025-05-27 14:07:16.070 [Test worker] DEBUG i.a.u.c.a.c.s.JwtAuthChannelInterceptor - Current User ID: 88
2025-05-27 14:07:16.070 [Test worker] INFO  i.a.u.c.a.c.s.JwtAuthChannelInterceptor - Chat init request authorized for user 88 with target user 99
2025-05-27 14:07:16.070 [Test worker] DEBUG i.a.u.c.a.c.s.JwtAuthChannelInterceptor - Message processing completed successfully
2025-05-27 14:07:16.071 [Test worker] DEBUG i.a.u.c.a.c.s.JwtAuthChannelInterceptor - Processing STOMP command: CONNECT on thread: Test worker
2025-05-27 14:07:16.071 [Test worker] DEBUG i.a.u.c.a.c.s.JwtAuthChannelInterceptor - Destination: null
2025-05-27 14:07:16.071 [Test worker] DEBUG i.a.u.c.a.c.s.JwtAuthChannelInterceptor - Session ID: null
2025-05-27 14:07:16.072 [Test worker] INFO  i.a.u.c.a.c.s.JwtAuthChannelInterceptor - Processing STOMP CONNECT
2025-05-27 14:07:16.072 [Test worker] DEBUG i.a.u.c.a.c.s.JwtAuthChannelInterceptor - Authorization headers: null
2025-05-27 14:07:16.072 [Test worker] WARN  i.a.u.c.a.c.s.JwtAuthChannelInterceptor - No valid Authorization header found
]]></system-out>
  <system-err><![CDATA[]]></system-err>
</testsuite>
