<?xml version="1.0" encoding="UTF-8"?>
<testsuite name="id.ac.ui.cs.advprog.chat.repository.ChatRoomRepositoryTest" tests="2" skipped="0" failures="0" errors="0" timestamp="2025-05-27T07:07:16.001Z" hostname="Karolinas-MacBook-Pro.local" time="0.013">
  <properties/>
  <testcase name="testFindByPacilianIdOrDoctorId_returnsAllMatching()" classname="id.ac.ui.cs.advprog.chat.repository.ChatRoomRepositoryTest" time="0.007"/>
  <testcase name="testFindByPacilianIdAndDoctorId_whenExists()" classname="id.ac.ui.cs.advprog.chat.repository.ChatRoomRepositoryTest" time="0.005"/>
  <system-out><![CDATA[2025-05-27 14:07:15.995 [Test worker] INFO  o.s.t.c.s.AnnotationConfigContextLoaderUtils - Could not detect default configuration classes for test class [id.ac.ui.cs.advprog.chat.repository.ChatRoomRepositoryTest]: ChatRoomRepositoryTest does not declare any static, non-private, non-final, nested classes annotated with @Configuration.
2025-05-27 14:07:16.000 [Test worker] INFO  o.s.b.t.c.SpringBootTestContextBootstrapper - Found @SpringBootConfiguration id.ac.ui.cs.advprog.chat.ChatApplication for test class id.ac.ui.cs.advprog.chat.repository.ChatRoomRepositoryTest
Hibernate: 
    insert 
    into
        chat_room
        (doctor_id, pacilian_id) 
    values
        (?, ?)
Hibernate: 
    insert 
    into
        chat_room
        (doctor_id, pacilian_id) 
    values
        (?, ?)
Hibernate: 
    insert 
    into
        chat_room
        (doctor_id, pacilian_id) 
    values
        (?, ?)
Hibernate: 
    select
        cr1_0.id,
        cr1_0.doctor_id,
        cr1_0.pacilian_id 
    from
        chat_room cr1_0 
    where
        cr1_0.pacilian_id=? 
        or cr1_0.doctor_id=?
Hibernate: 
    insert 
    into
        chat_room
        (doctor_id, pacilian_id) 
    values
        (?, ?)
Hibernate: 
    select
        cr1_0.id,
        cr1_0.doctor_id,
        cr1_0.pacilian_id 
    from
        chat_room cr1_0 
    where
        cr1_0.pacilian_id=? 
        and cr1_0.doctor_id=?
]]></system-out>
  <system-err><![CDATA[]]></system-err>
</testsuite>
