<?xml version="1.0" encoding="UTF-8"?>
<testsuite name="id.ac.ui.cs.advprog.chat.security.JwtAuthChannelInterceptorTest" tests="6" skipped="0" failures="0" errors="0" timestamp="2025-05-27T04:38:37.093Z" hostname="Karolinas-MacBook-Pro.local" time="0.062">
  <properties/>
  <testcase name="testSend_roomAction_allowsMember()" classname="id.ac.ui.cs.advprog.chat.security.JwtAuthChannelInterceptorTest" time="0.053"/>
  <testcase name="testSend_chatInit_withSelf_throwsAccessDenied()" classname="id.ac.ui.cs.advprog.chat.security.JwtAuthChannelInterceptorTest" time="0.003"/>
  <testcase name="testSend_invalidDestination_throwsAccessDenied()" classname="id.ac.ui.cs.advprog.chat.security.JwtAuthChannelInterceptorTest" time="0.002"/>
  <testcase name="testSend_roomAction_notMember_throwsAccessDenied()" classname="id.ac.ui.cs.advprog.chat.security.JwtAuthChannelInterceptorTest" time="0.001"/>
  <testcase name="testSend_chatInit_valid()" classname="id.ac.ui.cs.advprog.chat.security.JwtAuthChannelInterceptorTest" time="0.001"/>
  <testcase name="testConnect_noAuthorizationHeader_doesNotSetUser()" classname="id.ac.ui.cs.advprog.chat.security.JwtAuthChannelInterceptorTest" time="0.0"/>
  <system-out><![CDATA[2025-05-27 11:38:37.117 [http-nio-0.0.0.0-8082-exec-5] DEBUG i.a.u.c.a.c.s.JwtAuthChannelInterceptor - Processing STOMP command: SUBSCRIBE on thread: http-nio-0.0.0.0-8082-exec-5
2025-05-27 11:38:37.117 [http-nio-0.0.0.0-8082-exec-5] DEBUG i.a.u.c.a.c.s.JwtAuthChannelInterceptor - Destination: /topic/chat.1.messages
2025-05-27 11:38:37.118 [http-nio-0.0.0.0-8082-exec-5] DEBUG i.a.u.c.a.c.s.JwtAuthChannelInterceptor - Session ID: h23slbqj
2025-05-27 11:38:37.118 [http-nio-0.0.0.0-8082-exec-5] DEBUG i.a.u.c.a.c.s.JwtAuthChannelInterceptor - Current user principal: null
2025-05-27 11:38:37.118 [http-nio-0.0.0.0-8082-exec-5] DEBUG i.a.u.c.a.c.s.JwtAuthChannelInterceptor - User principal is null, attempting to get from session attributes
2025-05-27 11:38:37.118 [http-nio-0.0.0.0-8082-exec-5] DEBUG i.a.u.c.a.c.s.JwtAuthChannelInterceptor - Session attributes - userId: 2, username: 2, authToken: present
2025-05-27 11:38:37.118 [http-nio-0.0.0.0-8082-exec-5] INFO  i.a.u.c.a.c.s.JwtAuthChannelInterceptor - Successfully restored user principal from session for userId: 2
2025-05-27 11:38:37.118 [http-nio-0.0.0.0-8082-exec-5] DEBUG i.a.u.c.a.c.s.JwtAuthChannelInterceptor - Message processing completed successfully
2025-05-27 11:38:37.119 [http-nio-0.0.0.0-8082-exec-5] DEBUG i.a.u.c.a.c.s.JwtAuthChannelInterceptor - Processing STOMP command: SUBSCRIBE on thread: http-nio-0.0.0.0-8082-exec-5
2025-05-27 11:38:37.119 [http-nio-0.0.0.0-8082-exec-5] DEBUG i.a.u.c.a.c.s.JwtAuthChannelInterceptor - Destination: /topic/chat.1.updates
2025-05-27 11:38:37.119 [http-nio-0.0.0.0-8082-exec-5] DEBUG i.a.u.c.a.c.s.JwtAuthChannelInterceptor - Session ID: h23slbqj
2025-05-27 11:38:37.119 [http-nio-0.0.0.0-8082-exec-5] DEBUG i.a.u.c.a.c.s.JwtAuthChannelInterceptor - Current user principal: null
2025-05-27 11:38:37.119 [http-nio-0.0.0.0-8082-exec-5] DEBUG i.a.u.c.a.c.s.JwtAuthChannelInterceptor - User principal is null, attempting to get from session attributes
2025-05-27 11:38:37.119 [http-nio-0.0.0.0-8082-exec-5] DEBUG i.a.u.c.a.c.s.JwtAuthChannelInterceptor - Session attributes - userId: 2, username: 2, authToken: present
2025-05-27 11:38:37.119 [http-nio-0.0.0.0-8082-exec-5] INFO  i.a.u.c.a.c.s.JwtAuthChannelInterceptor - Successfully restored user principal from session for userId: 2
2025-05-27 11:38:37.119 [http-nio-0.0.0.0-8082-exec-5] DEBUG i.a.u.c.a.c.s.JwtAuthChannelInterceptor - Message processing completed successfully
2025-05-27 11:38:37.134 [http-nio-0.0.0.0-8082-exec-5] DEBUG i.a.u.c.a.c.s.JwtAuthChannelInterceptor - Processing STOMP command: SEND on thread: http-nio-0.0.0.0-8082-exec-5
2025-05-27 11:38:37.134 [http-nio-0.0.0.0-8082-exec-5] DEBUG i.a.u.c.a.c.s.JwtAuthChannelInterceptor - Destination: /app/chat.history.1
2025-05-27 11:38:37.134 [http-nio-0.0.0.0-8082-exec-5] DEBUG i.a.u.c.a.c.s.JwtAuthChannelInterceptor - Session ID: h23slbqj
2025-05-27 11:38:37.135 [http-nio-0.0.0.0-8082-exec-5] DEBUG i.a.u.c.a.c.s.JwtAuthChannelInterceptor - Current user principal: null
2025-05-27 11:38:37.135 [http-nio-0.0.0.0-8082-exec-5] DEBUG i.a.u.c.a.c.s.JwtAuthChannelInterceptor - User principal is null, attempting to get from session attributes
2025-05-27 11:38:37.135 [http-nio-0.0.0.0-8082-exec-5] DEBUG i.a.u.c.a.c.s.JwtAuthChannelInterceptor - Session attributes - userId: 2, username: 2, authToken: present
2025-05-27 11:38:37.135 [http-nio-0.0.0.0-8082-exec-5] INFO  i.a.u.c.a.c.s.JwtAuthChannelInterceptor - Successfully restored user principal from session for userId: 2
2025-05-27 11:38:37.135 [http-nio-0.0.0.0-8082-exec-5] INFO  i.a.u.c.a.c.s.JwtAuthChannelInterceptor - Processing STOMP SEND to destination: /app/chat.history.1
2025-05-27 11:38:37.135 [http-nio-0.0.0.0-8082-exec-5] INFO  i.a.u.c.a.c.s.JwtAuthChannelInterceptor - Processing room action request
2025-05-27 11:38:37.135 [http-nio-0.0.0.0-8082-exec-5] DEBUG i.a.u.c.a.c.s.JwtAuthChannelInterceptor - Room ID: 1
2025-05-27 11:38:37.145 [Test worker] DEBUG i.a.u.c.a.c.s.JwtAuthChannelInterceptor - Processing STOMP command: SEND on thread: Test worker
2025-05-27 11:38:37.146 [Test worker] DEBUG i.a.u.c.a.c.s.JwtAuthChannelInterceptor - Destination: /app/chat.edit.99
2025-05-27 11:38:37.146 [Test worker] DEBUG i.a.u.c.a.c.s.JwtAuthChannelInterceptor - Session ID: session-1
2025-05-27 11:38:37.146 [Test worker] DEBUG i.a.u.c.a.c.s.JwtAuthChannelInterceptor - Current user principal: SimplePrincipal{name='test', userId=1}
2025-05-27 11:38:37.146 [Test worker] DEBUG i.a.u.c.a.c.s.JwtAuthChannelInterceptor - Set headers for existing principal: 1
2025-05-27 11:38:37.146 [Test worker] INFO  i.a.u.c.a.c.s.JwtAuthChannelInterceptor - Processing STOMP SEND to destination: /app/chat.edit.99
Hibernate: 
    select
        cr1_0.id,
2025-05-27 11:38:37.146 [Test worker] INFO  i.a.u.c.a.c.s.JwtAuthChannelInterceptor - Processing room action request
        cr1_0.doctor_id,
        cr1_0.pacilian_id 
    from
2025-05-27 11:38:37.146 [Test worker] DEBUG i.a.u.c.a.c.s.JwtAuthChannelInterceptor - Room ID: 99
        chat_room cr1_0 
    where
        cr1_0.id=?
2025-05-27 11:38:37.146 [Test worker] DEBUG i.a.u.c.a.c.s.JwtAuthChannelInterceptor - User 1 checking membership in room 99 (pacillian: 1, caregiver: 2)
2025-05-27 11:38:37.146 [Test worker] INFO  i.a.u.c.a.c.s.JwtAuthChannelInterceptor - Room action authorized for user 1 in room 99
2025-05-27 11:38:37.146 [Test worker] DEBUG i.a.u.c.a.c.s.JwtAuthChannelInterceptor - Message processing completed successfully
2025-05-27 11:38:37.148 [http-nio-0.0.0.0-8082-exec-5] DEBUG i.a.u.c.a.c.s.JwtAuthChannelInterceptor - User 2 checking membership in room 1 (pacillian: 1, caregiver: 2)
2025-05-27 11:38:37.148 [http-nio-0.0.0.0-8082-exec-5] INFO  i.a.u.c.a.c.s.JwtAuthChannelInterceptor - Room action authorized for user 2 in room 1
2025-05-27 11:38:37.148 [http-nio-0.0.0.0-8082-exec-5] DEBUG i.a.u.c.a.c.s.JwtAuthChannelInterceptor - Message processing completed successfully
2025-05-27 11:38:37.148 [Test worker] DEBUG i.a.u.c.a.c.s.JwtAuthChannelInterceptor - Processing STOMP command: SEND on thread: Test worker
2025-05-27 11:38:37.148 [Test worker] DEBUG i.a.u.c.a.c.s.JwtAuthChannelInterceptor - Destination: /app/chat.init.77
2025-05-27 11:38:37.148 [Test worker] DEBUG i.a.u.c.a.c.s.JwtAuthChannelInterceptor - Session ID: session-1
2025-05-27 11:38:37.149 [Test worker] DEBUG i.a.u.c.a.c.s.JwtAuthChannelInterceptor - Current user principal: SimplePrincipal{name='self', userId=77}
2025-05-27 11:38:37.149 [http-nio-0.0.0.0-8082-exec-5] DEBUG i.a.u.c.a.c.s.JwtAuthChannelInterceptor - Processing STOMP command: UNSUBSCRIBE on thread: http-nio-0.0.0.0-8082-exec-5
2025-05-27 11:38:37.149 [Test worker] DEBUG i.a.u.c.a.c.s.JwtAuthChannelInterceptor - Set headers for existing principal: 77
2025-05-27 11:38:37.149 [http-nio-0.0.0.0-8082-exec-5] DEBUG i.a.u.c.a.c.s.JwtAuthChannelInterceptor - Destination: null
2025-05-27 11:38:37.149 [clientInboundChannel-16] INFO  i.a.u.c.a.c.c.ChatWebSocketController - history called - roomId=1
2025-05-27 11:38:37.149 [Test worker] INFO  i.a.u.c.a.c.s.JwtAuthChannelInterceptor - Processing STOMP SEND to destination: /app/chat.init.77
2025-05-27 11:38:37.149 [http-nio-0.0.0.0-8082-exec-5] DEBUG i.a.u.c.a.c.s.JwtAuthChannelInterceptor - Session ID: h23slbqj
2025-05-27 11:38:37.149 [clientInboundChannel-16] DEBUG i.a.u.c.a.c.c.ChatWebSocketController - Retrieved userId from session attributes: 2
2025-05-27 11:38:37.149 [Test worker] INFO  i.a.u.c.a.c.s.JwtAuthChannelInterceptor - Processing chat init request
2025-05-27 11:38:37.149 [http-nio-0.0.0.0-8082-exec-5] DEBUG i.a.u.c.a.c.s.JwtAuthChannelInterceptor - Current user principal: null
2025-05-27 11:38:37.149 [clientInboundChannel-16] DEBUG i.a.u.c.a.c.c.ChatWebSocketController - User 2 requesting history for room 1
2025-05-27 11:38:37.149 [Test worker] DEBUG i.a.u.c.a.c.s.JwtAuthChannelInterceptor - Target User ID: 77
2025-05-27 11:38:37.149 [http-nio-0.0.0.0-8082-exec-5] DEBUG i.a.u.c.a.c.s.JwtAuthChannelInterceptor - User principal is null, attempting to get from session attributes
2025-05-27 11:38:37.149 [Test worker] DEBUG i.a.u.c.a.c.s.JwtAuthChannelInterceptor - Current User ID: 77
2025-05-27 11:38:37.149 [http-nio-0.0.0.0-8082-exec-5] DEBUG i.a.u.c.a.c.s.JwtAuthChannelInterceptor - Session attributes - userId: 2, username: 2, authToken: present
2025-05-27 11:38:37.149 [Test worker] ERROR i.a.u.c.a.c.s.JwtAuthChannelInterceptor - User cannot initiate chat with themselves
2025-05-27 11:38:37.149 [http-nio-0.0.0.0-8082-exec-5] INFO  i.a.u.c.a.c.s.JwtAuthChannelInterceptor - Successfully restored user principal from session for userId: 2
2025-05-27 11:38:37.150 [Test worker] ERROR i.a.u.c.a.c.s.JwtAuthChannelInterceptor - Access denied: Cannot start chat with yourself
2025-05-27 11:38:37.150 [http-nio-0.0.0.0-8082-exec-5] DEBUG i.a.u.c.a.c.s.JwtAuthChannelInterceptor - Message processing completed successfully
Hibernate: 
    select
        cm1_0.id,
        cm1_0.content,
        cm1_0.receiver_id,
        cm1_0.room_id,
        cm1_0.sender_id,
        cm1_0.status,
        cm1_0.timestamp 
    from
        chat_message cm1_0 
    where
        cm1_0.room_id=? 
    order by
        cm1_0.timestamp
2025-05-27 11:38:37.151 [Test worker] DEBUG i.a.u.c.a.c.s.JwtAuthChannelInterceptor - Processing STOMP command: SEND on thread: Test worker
2025-05-27 11:38:37.152 [Test worker] DEBUG i.a.u.c.a.c.s.JwtAuthChannelInterceptor - Destination: /app/chat.send.xyz
2025-05-27 11:38:37.152 [Test worker] DEBUG i.a.u.c.a.c.s.JwtAuthChannelInterceptor - Session ID: session-1
2025-05-27 11:38:37.152 [Test worker] DEBUG i.a.u.c.a.c.s.JwtAuthChannelInterceptor - Current user principal: SimplePrincipal{name='bad', userId=100}
2025-05-27 11:38:37.152 [Test worker] DEBUG i.a.u.c.a.c.s.JwtAuthChannelInterceptor - Set headers for existing principal: 100
2025-05-27 11:38:37.152 [Test worker] INFO  i.a.u.c.a.c.s.JwtAuthChannelInterceptor - Processing STOMP SEND to destination: /app/chat.send.xyz
2025-05-27 11:38:37.152 [Test worker] INFO  i.a.u.c.a.c.s.JwtAuthChannelInterceptor - Processing room action request
2025-05-27 11:38:37.152 [Test worker] ERROR i.a.u.c.a.c.s.JwtAuthChannelInterceptor - Invalid room ID in destination: /app/chat.send.xyz
2025-05-27 11:38:37.152 [Test worker] ERROR i.a.u.c.a.c.s.JwtAuthChannelInterceptor - Access denied: Invalid room ID
2025-05-27 11:38:37.153 [Test worker] DEBUG i.a.u.c.a.c.s.JwtAuthChannelInterceptor - Processing STOMP command: SEND on thread: Test worker
2025-05-27 11:38:37.153 [Test worker] DEBUG i.a.u.c.a.c.s.JwtAuthChannelInterceptor - Destination: /app/chat.edit.77
2025-05-27 11:38:37.153 [Test worker] DEBUG i.a.u.c.a.c.s.JwtAuthChannelInterceptor - Session ID: session-1
2025-05-27 11:38:37.153 [Test worker] DEBUG i.a.u.c.a.c.s.JwtAuthChannelInterceptor - Current user principal: SimplePrincipal{name='outsider', userId=30}
2025-05-27 11:38:37.153 [Test worker] DEBUG i.a.u.c.a.c.s.JwtAuthChannelInterceptor - Set headers for existing principal: 30
2025-05-27 11:38:37.153 [Test worker] INFO  i.a.u.c.a.c.s.JwtAuthChannelInterceptor - Processing STOMP SEND to destination: /app/chat.edit.77
2025-05-27 11:38:37.153 [Test worker] INFO  i.a.u.c.a.c.s.JwtAuthChannelInterceptor - Processing room action request
2025-05-27 11:38:37.153 [Test worker] DEBUG i.a.u.c.a.c.s.JwtAuthChannelInterceptor - Room ID: 77
2025-05-27 11:38:37.154 [Test worker] DEBUG i.a.u.c.a.c.s.JwtAuthChannelInterceptor - User 30 checking membership in room 77 (pacillian: 1, caregiver: 2)
2025-05-27 11:38:37.154 [Test worker] ERROR i.a.u.c.a.c.s.JwtAuthChannelInterceptor - User 30 not authorized for room 77
2025-05-27 11:38:37.154 [Test worker] ERROR i.a.u.c.a.c.s.JwtAuthChannelInterceptor - Access denied: You are not a member of this chat room
2025-05-27 11:38:37.154 [Test worker] DEBUG i.a.u.c.a.c.s.JwtAuthChannelInterceptor - Processing STOMP command: SEND on thread: Test worker
2025-05-27 11:38:37.154 [Test worker] DEBUG i.a.u.c.a.c.s.JwtAuthChannelInterceptor - Destination: /app/chat.init.99
2025-05-27 11:38:37.155 [Test worker] DEBUG i.a.u.c.a.c.s.JwtAuthChannelInterceptor - Session ID: session-1
2025-05-27 11:38:37.155 [Test worker] DEBUG i.a.u.c.a.c.s.JwtAuthChannelInterceptor - Current user principal: SimplePrincipal{name='gege', userId=88}
2025-05-27 11:38:37.155 [Test worker] DEBUG i.a.u.c.a.c.s.JwtAuthChannelInterceptor - Set headers for existing principal: 88
2025-05-27 11:38:37.155 [Test worker] INFO  i.a.u.c.a.c.s.JwtAuthChannelInterceptor - Processing STOMP SEND to destination: /app/chat.init.99
2025-05-27 11:38:37.155 [Test worker] INFO  i.a.u.c.a.c.s.JwtAuthChannelInterceptor - Processing chat init request
2025-05-27 11:38:37.155 [Test worker] DEBUG i.a.u.c.a.c.s.JwtAuthChannelInterceptor - Target User ID: 99
2025-05-27 11:38:37.155 [Test worker] DEBUG i.a.u.c.a.c.s.JwtAuthChannelInterceptor - Current User ID: 88
2025-05-27 11:38:37.155 [Test worker] INFO  i.a.u.c.a.c.s.JwtAuthChannelInterceptor - Chat init request authorized for user 88 with target user 99
2025-05-27 11:38:37.155 [Test worker] DEBUG i.a.u.c.a.c.s.JwtAuthChannelInterceptor - Message processing completed successfully
2025-05-27 11:38:37.156 [Test worker] DEBUG i.a.u.c.a.c.s.JwtAuthChannelInterceptor - Processing STOMP command: CONNECT on thread: Test worker
2025-05-27 11:38:37.156 [Test worker] DEBUG i.a.u.c.a.c.s.JwtAuthChannelInterceptor - Destination: null
2025-05-27 11:38:37.156 [Test worker] DEBUG i.a.u.c.a.c.s.JwtAuthChannelInterceptor - Session ID: null
2025-05-27 11:38:37.156 [Test worker] INFO  i.a.u.c.a.c.s.JwtAuthChannelInterceptor - Processing STOMP CONNECT
2025-05-27 11:38:37.156 [Test worker] DEBUG i.a.u.c.a.c.s.JwtAuthChannelInterceptor - Authorization headers: null
2025-05-27 11:38:37.156 [Test worker] WARN  i.a.u.c.a.c.s.JwtAuthChannelInterceptor - No valid Authorization header found
]]></system-out>
  <system-err><![CDATA[]]></system-err>
</testsuite>
