<?xml version="1.0" encoding="UTF-8"?>
<testsuite name="id.ac.ui.cs.advprog.chat.dto.ChatDeleteRequestTest" tests="2" skipped="0" failures="0" errors="0" timestamp="2025-05-27T04:38:36.026Z" hostname="Karolinas-MacBook-Pro.local" time="0.0">
  <properties/>
  <testcase name="testAllArgsConstructorAndGetters()" classname="id.ac.ui.cs.advprog.chat.dto.ChatDeleteRequestTest" time="0.0"/>
  <testcase name="testNoArgsConstructorAndSetters()" classname="id.ac.ui.cs.advprog.chat.dto.ChatDeleteRequestTest" time="0.0"/>
  <system-out><![CDATA[]]></system-out>
  <system-err><![CDATA[]]></system-err>
</testsuite>
