<?xml version="1.0" encoding="UTF-8"?>
<testsuite name="id.ac.ui.cs.advprog.chat.service.IChatMessageServiceTest" tests="1" skipped="0" failures="0" errors="0" timestamp="2025-05-27T04:38:37.525Z" hostname="Karolinas-MacBook-Pro.local" time="0.005">
  <properties/>
  <testcase name="contextLoads_andIsImplementation()" classname="id.ac.ui.cs.advprog.chat.service.IChatMessageServiceTest" time="0.005"/>
  <system-out><![CDATA[2025-05-27 11:38:37.517 [Test worker] INFO  o.s.t.c.s.AnnotationConfigContextLoaderUtils - Could not detect default configuration classes for test class [id.ac.ui.cs.advprog.chat.service.IChatMessageServiceTest]: IChatMessageServiceTest does not declare any static, non-private, non-final, nested classes annotated with @Configuration.
2025-05-27 11:38:37.523 [Test worker] INFO  o.s.b.t.c.SpringBootTestContextBootstrapper - Found @SpringBootConfiguration id.ac.ui.cs.advprog.chat.ChatApplication for test class id.ac.ui.cs.advprog.chat.service.IChatMessageServiceTest
]]></system-out>
  <system-err><![CDATA[]]></system-err>
</testsuite>
