<?xml version="1.0" encoding="UTF-8"?>
<testsuite name="id.ac.ui.cs.advprog.chat.model.ChatRoomTest" tests="3" skipped="0" failures="0" errors="0" timestamp="2025-05-27T04:38:36.039Z" hostname="Karolinas-MacBook-Pro.local" time="0.001">
  <properties/>
  <testcase name="testConvenienceConstructor()" classname="id.ac.ui.cs.advprog.chat.model.ChatRoomTest" time="0.0"/>
  <testcase name="testAllArgsConstructorAndGetters()" classname="id.ac.ui.cs.advprog.chat.model.ChatRoomTest" time="0.001"/>
  <testcase name="testNoArgsConstructorAndSetters()" classname="id.ac.ui.cs.advprog.chat.model.ChatRoomTest" time="0.0"/>
  <system-out><![CDATA[]]></system-out>
  <system-err><![CDATA[]]></system-err>
</testsuite>
