<?xml version="1.0" encoding="UTF-8"?>
<testsuite name="id.ac.ui.cs.advprog.chat.event.ChatMessageDeletedEventTest" tests="1" skipped="0" failures="0" errors="0" timestamp="2025-05-27T04:38:36.030Z" hostname="Karolinas-MacBook-Pro.local" time="0.001">
  <properties/>
  <testcase name="testGetMessageReturnsCorrectSource()" classname="id.ac.ui.cs.advprog.chat.event.ChatMessageDeletedEventTest" time="0.001"/>
  <system-out><![CDATA[]]></system-out>
  <system-err><![CDATA[]]></system-err>
</testsuite>
