<?xml version="1.0" encoding="UTF-8"?>
<testsuite name="id.ac.ui.cs.advprog.chat.security.UserPrincipalTest" tests="1" skipped="0" failures="0" errors="0" timestamp="2025-05-27T07:07:16.283Z" hostname="Karolinas-MacBook-Pro.local" time="0.0">
  <properties/>
  <testcase name="testUserPrincipalFieldsAndMethods()" classname="id.ac.ui.cs.advprog.chat.security.UserPrincipalTest" time="0.0"/>
  <system-out><![CDATA[]]></system-out>
  <system-err><![CDATA[]]></system-err>
</testsuite>
